<?xml version="1.0" encoding="UTF-8"?>
<testsuite name="RobotWarehouseTest" tests="7" skipped="0" failures="0" errors="0" timestamp="2021-04-04T22:22:28" hostname="ROG-ZEPHYRUS" time="0.036">
  <properties/>
  <testcase name="testIfRobotMovesBackToOrigin()" classname="RobotWarehouseTest" time="0.025"/>
  <testcase name="testIfRobotMovesToCentreOfTheGrid()" classname="RobotWarehouseTest" time="0.001"/>
  <testcase name="testIfExceptionIsThrownForInvalidInput()" classname="RobotWarehouseTest" time="0.002"/>
  <testcase name="doNotLiftCrateIfNonePresent()" classname="RobotWarehouseTest" time="0.001"/>
  <testcase name="testIfExceptionIsThrownWhenRobotMovesOutOfGrid()" classname="RobotWarehouseTest" time="0.001"/>
  <testcase name="doNotLiftCrateIfAlreadyLiftingOne()" classname="RobotWarehouseTest" time="0.001"/>
  <testcase name="doNotPlaceCrateOnOneAnother()" classname="RobotWarehouseTest" time="0.002"/>
  <system-out><![CDATA[]]></system-out>
  <system-err><![CDATA[]]></system-err>
</testsuite>
